c:\users\shaked neeman\desktop\hw2\hw2_shaked_neeman\hw2_shaked_neeman\debug\vc141.pdb
c:\users\shaked neeman\desktop\hw2\hw2_shaked_neeman\hw2_shaked_neeman\debug\vc141.idb
c:\users\shaked neeman\desktop\hw2\hw2_shaked_neeman\hw2_shaked_neeman\debug\source.obj
c:\users\shaked neeman\desktop\hw2\hw2_shaked_neeman\hw2_shaked_neeman\debug\plane.obj
c:\users\shaked neeman\desktop\hw2\hw2_shaked_neeman\hw2_shaked_neeman\debug\main.obj
c:\users\shaked neeman\desktop\hw2\hw2_shaked_neeman\hw2_shaked_neeman\debug\generalstrings.obj
c:\users\shaked neeman\desktop\hw2\hw2_shaked_neeman\hw2_shaked_neeman\debug\flight.obj
c:\users\shaked neeman\desktop\hw2\hw2_shaked_neeman\hw2_shaked_neeman\debug\date.obj
c:\users\shaked neeman\desktop\hw2\hw2_shaked_neeman\hw2_shaked_neeman\debug\airline.obj
c:\users\shaked neeman\desktop\hw2\hw2_shaked_neeman\hw2_shaked_neeman\debug\airportmanager.obj
c:\users\shaked neeman\desktop\hw2\hw2_shaked_neeman\hw2_shaked_neeman\debug\airport.obj
c:\users\shaked neeman\desktop\hw2\hw2_shaked_neeman\debug\hw2_shaked_neeman.exe
c:\users\shaked neeman\desktop\hw2\hw2_shaked_neeman\debug\hw2_shaked_neeman.ilk
c:\users\shaked neeman\desktop\hw2\hw2_shaked_neeman\debug\hw2_shaked_neeman.pdb
c:\users\shaked neeman\desktop\hw2\hw2_shaked_neeman\hw2_shaked_neeman\debug\hw2_shak.45d6feae.tlog\cl.command.1.tlog
c:\users\shaked neeman\desktop\hw2\hw2_shaked_neeman\hw2_shaked_neeman\debug\hw2_shak.45d6feae.tlog\cl.read.1.tlog
c:\users\shaked neeman\desktop\hw2\hw2_shaked_neeman\hw2_shaked_neeman\debug\hw2_shak.45d6feae.tlog\cl.write.1.tlog
c:\users\shaked neeman\desktop\hw2\hw2_shaked_neeman\hw2_shaked_neeman\debug\hw2_shak.45d6feae.tlog\link.command.1.tlog
c:\users\shaked neeman\desktop\hw2\hw2_shaked_neeman\hw2_shaked_neeman\debug\hw2_shak.45d6feae.tlog\link.read.1.tlog
c:\users\shaked neeman\desktop\hw2\hw2_shaked_neeman\hw2_shaked_neeman\debug\hw2_shak.45d6feae.tlog\link.write.1.tlog
